-----BEGIN STRICT TYPE LIB-----
Id: stl:9RYZVmfP-VagYo3W-EcqiSzz-sos38kk-F_hcrPJ-NQPfwxI#isotope-million-western
Name: SONIC
Dependencies:
	FiniteField#report-canal-convert,
	Std#delete-roman-hair,
	AluVM#reward-accent-swim,
	CommitVerify#biology-news-adam,
	UltraSONIC#condor-evening-stone,
	StrictTypes#henry-heart-survive
Check-SHA256: e594d8e80c1df435a1b5e30b83a41b3de17d1685933aa586d086f9356b051a58

1yfH>NkaxUZ8C)36|OzePO&Xqgtg(~Rn*~A$1}}^7F6ei7Sh-YMrm$obY(_qWo%@EiR(=d3vg7gbV~*3
!PlK51EySK%g?1}nECovJTYnmQ*>mvSt+!Stw+Hk(Po~~Zg)tlXc{g+3dp<|u0=7lDd*1xL2PwaO~8F{
m~6Jv@J(A1%q#z%L9jBiOaFR-W)8f_JK`4j{R~5IZEb0ER%LQ&W_iUS##JX(K=zaU`at%Ds_|IPDn&z2
{tIiVD8e=KH_-}JY;<yAQ%_DwL+PH9=Q}``f02HLt~iCiD@{1Jw0_*8A_pi$)ov?1PzzIZa%p39RC#b^
a|Q)LY;{&m1pq@~o!sA0+CHx-vZbVj7D6D}#pW3Uk<R*S37O{$X6yq@X<}uq;gyUOsXQDi9O;Ao6@F%@
`W`7rvYdZcm!FdM#hC?3b74tjr!Z9lE%{u?@QI^EqCb}2Q7OO^w+`_q*ddTXmHSf)1x#sTNo2gis)#bg
S4jef$f$kz(qARV!%Xxk)bI-z0hA`0C@%^_Z*pZrZ*FF3XV&xGL0WTQe=J%=+ZU(+nrU27YYX=l){_<>
0|-HmqX$fBVpC~!Weh`aZEb0ER%LQ&W_bhvU!B1weDkLNbk2UF;ml9|6~X2wq5iUE#(+lb-yk;Q4^m}w
WpZ|9WI}m#Wpgn!llNeFa6}P}rq7L!(40)FbL%msz%JU8hqvFyoea2o4pL=vWpZ|9WI}m#WpgphxGg*8
X!CPrawgw_sqk4BX8}k^^xj-FXm+)yumJ%MQe|^xa&~28LV0v$b29#d7D?ZDzCQez5c=X9w<(f6`q$DH
-G17V_XV{1(H;&`Wpib6c4cHjd30rSI15H;ZfSI7MrmbiWB~v%@u@)Mrf2N#*9;Bok=Lw{#;}1pYA|B&
5l=sLg;{n5MrATJHUm?1WCj38z9SbZ=!8X@=Yuq$20sb<4l#S`iz7Vef}@Ca=a#q*L33kiX;5-$ZggQ{
Y-M4FBGG%U@MZ$v=XJ?|;InIPy66cFfOYp#JM2r7_DuvrZ*OdRM~0;jPqm@t3InIR0Ny%Ft`YGAh^_-O
V-~qNrBQ4QL2PhnVMAeXb53<_mBYQsO#)!~acU7f_DL;WP9vC(GXyXN$~M|<ZtiEa4nb^iXkkuuZA@=u
VRLA?gMQ~gu96el>ojDN{iR+YxT1qeJQTRI%yh?{hxxA$L2PhnVMAeXb4+h!VRLBFJq*Jt8?Abrta^#~
Iw-!oZ%zqO(A&rh^vGm~tg_w^L2PhnVN-2kY-~(#WMOk?3sZD*X=8L$d2nTO4*&^<!HXjLHPLD$^q3aF
Rr7@5Bt}`~rNq!V#m=sd5RVI1VRC6<ZgfszZDkv@SOM~2u5HNtDFUVZ)Px`L*HDD*8{ol0Eq4Mp_;LwG
X=Q9=PGN0jBxBmYd`j`^ks$BCfWpU#p;waB@%y7JSePTR4{0I#2~curZE19Ac4aaBpzzn5rK(eIM?2Ow
bKT&i3<x?vrrd=n2TKcK5eo-Yc~fO=Nn}J$J90(seQg{C`+v=zRu{8-+Z8lb!Nyk}Z8st9L>LN2X=Q9=
Q)O*QWK$LhgcQkwbf~^M){{|8P%hsRk~m~ep32F151Y4WWC&DwaAi(mZDnMP)DN(0hN+Kdp}<Ma2BpRJ
ig!Tp9`Oa_epnKR{ZA5AZf;?1Wn@NaWo%?~Q)O*QWNQSY6rQG)02XJT?*g=|B=zREie$*y(7k2+*P~cY
jRjL>ZAoN($wDX8VgT7DmW3qm%zcviBmGB|7z0dgBIJ4&sCG^VR$+2!VQzGR(<~&{!{{>E!(#o&^pB98
KZhv1GEPn8Orhb4n;8ZMQ)zl>ZfBCy0{K32d-H~a`3x8b375ImR&CF_#3#*gz1^xtuG$bzVQpn(Mrmbi
WOGwxZAoO8A%m*X98W>f2s0TH8C&EH;|vtDTYgh)4~t7}WW`YoMQ(L%R$+2!VQzGDn938Qb#DiI%LhXt
Bc@pg0t!L7$2{bU&sPXOO(dS=5LRJwX<=@3Np5CuQ)O*QWc?UbbJ9Xwr}~3wv^yxa@v}v^+kiGSR2X#8
M$tG2GZIy9X>V>;VRC6<Zgg`~Wo=1h{eiB7ehUYis7~w1CQOqefKeZ3;Wd%uopqe!>_vj93RHP;Wm9=`
bY*P{Rcv%}VN*{|Nkb3-5C)MmOQz$RB%ld{NJ@1s<TpxrFY{YE)9p8S12SPv2S;UYWpinBAv&x>1lbc|
ooPS23t7>Y{?Lndn94X`u!9Jb`k<Md3`1{jbaG*1bWLS+VJaZyb^%AmddWHa4KviIG&MIR=4dgQCM`MQ
0t_o8Y6(McZgXXBb9Hkp?#%E`{d+C1Sl4-0;gT-ZoMpKK(c7N=>KC_d#mnmjLvLhdctTg&&>sZO(=X)g
41eyJj7hng=!=PpQ=j&Bb;huokqkp`Zgg^CV{}eoZDmdZlhxOf1w=1`r%a)d2By$2g^~m>^N^`N9b9uc
W2yy7b8~fNbJ0>hyf}V{An?qXPYr9xHlJY#cbC>sDx`V~-abvV2~%`obY(<gbYYnU{T?dQJ?d;o1M7&`
K~vb;q0WUv*UkDBz!||TdTRtvaA{<p2rNlD$O59e#ogQsB77jPl+<X%NY5HtA>h5j^*S;NLvL<$a$#e1
No1*c{_J;U_rqi{QnVN{nRqfLcrXOCpfhv|^|vQ>r$q`=bYXO5R$**)WwVJm&y+EOWgjT<3G&iWor^UN
2TqE@U#9z`!g(#dX9+=dbZAs>Yh`Y=tm{9}qo!Lcbf<RWsy0Zhyn^hhqXqOe(M0}|;5<MFLvLhdcu8co
=zxYCD0L!x4tB5Hm3vFbl?lapNXe%XU~*fKJ0+Y5Nn~YibZK;X@D-~Cslm7x(v$s~|M#v1O9(Qi48vb1
G_KGh_B^_s2~%`obY(+jY;60b$8un=2x*n>&x`)m=B!6PPbxdmBJ+ysRCuhjfe;8oWo&FgWMp#vS;NBV
T;TAYsL|^P+?^W;{W$E31sqn+dpk{-*m~XvQek&QVRT^*01ZKKX+&jnV{&P5bZ>G71qWnhW?^+~bODWw
e{fqWva>XPru@Njy`Up6-ZbE(J8-1jPU^2O@ZSbwb#ruYZ2$@a>7J73J3yCzk$#1)IEB9}O*pr-e%zuW
2Pj0<ZYw-cQx*t>6v={gsJ=SZlTl1iF5eQ8IAl(q%E@>So406W0ga4*a9b*}vowCD{K0a)pd&BdG~lE=
aHQN$>aQ>G-v9sr000000RR600000000eAlVsiiq0=HQyw2!Sv!6MOSp3-i2NULZXE<g&%ycn)UF|;Y?
&qHCI+}}{zKCdaVrKE)xLLl13<{1N#&iZQ!ndb{;>;M1&000000RR600000000ne;aAk7>>7J73J3yCz
k$#1)IEB9}O*pr-e%zuW2Pj0<ZYw-c{eiB7ehUYis7~w1CQOqefKeZ3;Wd%uopqe!>_vj919NF-00aU6
1a5C`WdHyG0R(ezZDjxj0RbV$7j4igKpjn9r^|;p@vV@r5S*`M7yxdMqH9J{cMAnUaA`?o1pxpD002NB
02D!RX-RHwWpYJrVr67xWn@rtZ({}x2X<w0b7^mG0>FK6m~6Jv@J(A1%q#z%L9jBiOaFR-W)8f_JK`4j
{gd}#cyL4!ji%3ykI<Y<s&nfxrNA!QlZUt8$DItgdIw=-VQ_SBast48aF}ei((p}N63i?Ao<XoOvP=JZ
fo2Z8$UEW|`2CajV0dsu5sjwLjgQcrOsaG1F{QvR+LMR3-^ZN{xOxX;Z)9b7Nn`@WA;wiFRY3NW{rW)m
g{tvb&MHMiPyP#QsVKrV^Ec78tm{9}qo!Lcbf<RWsy0Zhyn^hhqXqOe(M0}|;5<MHbZKp6b97;CZ~y>E
31nq<Wo&P7WpV<=A;wiFRY3NW{rW)mg{tvb&MHMiPyP#QsVKrV^Ec79=zxYCD0L!x4tB5Hm3vFbl?lap
NXe%XU~*fKJ0+Y5V{dL|Z*pyO00aU61a5C`WdHyG0R(ezZDjxj0RrislIJ@>mw%Cdg|0Y-zbj2Rx3qrT
q9O+<MAdF9JWx{>2!s^Lf^?|9I@Xg>Oi(W05|TJ%PM*ricn_PmXk-gyWoBV@Y;;3mY-|7o0ssVVZ*FA(
00035b8l^B00jX7JZJg(430*$qs#&Z38Zy}Cg`!1O5VRBJHs`Z>k@cW2y$g}WpZ|9WCFl_aF}ei((p}N
63i?Ao<XoOvP=JZfo2Z8$UEW|`2GHZ7D?ZDzCQez5c=X9w<(f6`q$DH-G17V_XV{1(H;t6aByXAWKV8v
c>oFm>7J73J3yCzk$#1)IEB9}O*pr-e%zuW2Pj0<ZYw-c35LOoBKkGaY9#cS7Qj{WgyAGcS>>g~&^g7<
u8t6o0VdoB82uzx=1`?^6~}JIaH8)^-L;eV2TlP}M9gfneE<Le000000RI300000001RYhb98cbV{~a^
Y-Ion0_mQT=Q}``f02HLt~iCiD@{1Jw0_*8A_pi$)ov?1Pzi>?iz50p(P||0m=?fQ^Mv6fMp@;h#Lzj#
&aRFSj{&%nWpahK?ipTFeprB))A(eqC0*CSZMi%qMWiR>WmNzG000000093000000000MaWnpAxa&rI*
0_mQT=Q}``f02HLt~iCiD@{1Jw0_*8A_pi$)ov?1Pzi>?iz50p(P||0m=?fQ^Mv6fMp@;h#Lzj#&aRFS
j{#5kfjmldR?wreAEm~aM|~7d!X-;!2WmEX<x2b7qHq8J000000093000000000SgWpZg|X=QSA015)>
o|5M~K$m}!eub_$g}*CJIJdNZ+@c}}C`8q6D?CsMhQW&>`ZdvNB=ndTz*X~v;Uq>`<)y^XImOPdju4Lk
00IC2000000093000000000JMa&m8Sa{vke03ZMe0096100000009300000000000000000093000000
000$1aByXAWI=FgMQvhbWMpMzP;zf$1_T9jWo=1h0_mQT=Q}``f02HLt~iCiD@{1Jw0_*8A_pi$)ov?1
P-_IE6rQG)02XJT?*g=|B=zREie$*y(7k2+*P~cYjR<mKcT;6;Nn`@)o|5M~K$m}!eub_$g}*CJIJdNZ
+@c}}C`8q6D?CtZ1fvw5rj-B|XP@r^w5ufb=C_Ju$l1`nW&GEpSWb-zaCKsAX>(|0WCDVT>rD>}a8$2!
O9kk`*PSB+rd(so&!uOW`TABoF=}CkBGG%U@MZ$v=XJ?|;InIPy66cFfOYp#JM2r7_Du(2WMOc0Z*l>z
Y5eug-Vgrskv%J3VJgaZ-#3TU9u7Ksv@Q+Q5$)CpL2`6yV{Bz}1_A_OaA|V^L^EO5QZ20p*7IZi2>Ht`
<oaY(FK`5V%GAS{^sWpd1!;40b!7s@A;wiFRY3NW{rW)mg{tvb&MHMiPyP#QsVKrV^Ec5>0+ZF(k_ALB
f~QQOkp`yFFNKl>FY}P8J{??hIb*64L2`6yV{Bz}LvL+uX>@I6Zgd6%3S)0>baG*1bV+0a#UaL3Csjc9
ll}TY_JykPSk5X%Lr?w-YpE#0HS;&op9m~TI>-W|y2ahx3nF|Vuawki#7NH?S|Q-Q!u2{b3}j_yVRdYD
L2zkFWC2wrq4J!Bv47wAv}}6roT6#Tpt-fCV&7W)^qPTW#N`ZQb#ruYZ9#BpNn~>X3Ige#lIJ@>mw%Cd
g|0Y-zbj2Rx3qrTq9O+<MAdF9JWx{>2!s^Lf^?|9I@Xg>Oi(W05|TJ%PM*ricn_PmXk-CZC86@1gt33$
__S<#?wq1&$)LHlrefb({PdcEWW?nF0000000030{{R300000AL2`6yV{Bz}Nn`~900#g7Kp+4KLt$)e
Q*>c;Wd;HUZDn+5Z)5`Lo|5M~K$m}!eub_$g}*CJIJdNZ+@c}}C`8q6D?CsMhQW&>`ZdvNB=ndTz*X~v
;Uq>`<)y^XImOPdju4LwWMy-7a&=>LX<}?;00aU61a5C`WdHyG0R(ezZDjxj0RrislIJ@>mw%Cdg|0Y-
zbj2Rx3qrTq9O+<MAdF9JWvUS!HXjLHPLD$^q3aFRr7@5Bt}`~rNq!V#m=sd5RV%~Wpi|Lbz^jCVr*qW
aA`$tVr67xWn@rtZ({}n1#@L>Nn`@)o|5M~K$m}!eub_$g}*CJIJdNZ+@c}}C`8q6D?CtZ1fvw5rj-B|
XP@r^w5ufb=C_Ju$l1`nW&GEpSWb-#VRC77Xl-S5X=8H%N#xZKpN~_<EhIG~gr8zP=!taASyTBVoAGU-
*%72`2VrDkaCC2S0k3KN_08T7{_~MND_&tL%6H#4htwVpI(oD&4b&0s)(%B&Vr67xWn@8eX>@390|E<f
Z*E3)Zf9v?Y-IolW_507X<}?;0TD%QVr67xWn@WhZFO{EVr*pv0RR9X4@GTaWn^S!WKv~eWMy)51O)*F
V{dhCbN~eb0_mQT=Q}``f02HLt~iCiD@{1Jw0_*8A_pi$)ov?1Pzi>?iz50p(P||0m=?fQ^Mv6fMp@;h
#Lzj#&aRFSj{*d9b!}Dv1pxx-o|5M~K$m}!eub_$g}*CJIJdNZ+@c}}C`8q6D?CsMhQW&>`ZdvNB=ndT
z*X~v;Uq>`<)y^XImOPdju4L^1#D?^bXEWb0RrislIJ@>mw%Cdg|0Y-zbj2Rx3qrTq9O+<MAdF9JWvUS
!HXjLHPLD$^q3aFRr7@5Bt}`~rNq!V#m=sd5RW1Rb7gc^00jX8>7J73J3yCzk$#1)IEB9}O*pr-e%zuW
2Pj0<ZYw-c35LOoBKkGaY9#cS7Qj{WgyAGcS>>g~&^g7<u8t6oFa~X5a8@#P00jX8>7J73J3yCzk$#1)
IEB9}O*pr-e%zuW2Pj0<ZYw-c35LOoBKkGaY9#cS7Qj{WgyAGcS>>g~&^g7<u8t6o2UBThLTqnh1pxpE
002M%00000000005C8xG0000ARB~Z%b7^#GZ*B$x1aEL@WCFz@##JX(K=zaU`at%Ds_|IPDn&z2{tIiV
D8e=KH_@2{{T?dQJ?d;o1M7&`K~vb;q0WUv*UkDBz!||TdTR+}Wpi|LZ+T^8015)dA;wiFRY3NW{rW)m
g{tvb&MHMiPyP#QsVKrV^Ec7^rN?q$uLx<C?$3+<)#j{6K2It;&?57S>Qs2Fvw;u-#UaL3Csjc9ll}TY
_JykPSk5X%Lr?w-YpE#0HS;&o@D-~Cslm7x(v$s~|M#v1O9(Qi48vb1G_KGh_B^_s0000000000|Nj60
00000

-----END STRICT TYPE LIB-----

